<html>
<head>
<title>TestNG:  Command line test</title>
<link href="../testng.css" rel="stylesheet" type="text/css" />
<link href="../my-testng.css" rel="stylesheet" type="text/css" />

<style type="text/css">
.log { display: none;} 
.stack-trace { display: none;} 
</style>
<script type="text/javascript">
<!--
function flip(e) {
  current = e.style.display;
  if (current == 'block') {
    e.style.display = 'none';
    return 0;
  }
  else {
    e.style.display = 'block';
    return 1;
  }
}

function toggleBox(szDivId, elem, msg1, msg2)
{
  var res = -1;  if (document.getElementById) {
    res = flip(document.getElementById(szDivId));
  }
  else if (document.all) {
    // this is the way old msie versions work
    res = flip(document.all[szDivId]);
  }
  if(elem) {
    if(res == 0) elem.innerHTML = msg1; else elem.innerHTML = msg2;
  }

}

function toggleAllBoxes() {
  if (document.getElementsByTagName) {
    d = document.getElementsByTagName('div');
    for (i = 0; i < d.length; i++) {
      if (d[i].className == 'log') {
        flip(d[i]);
      }
    }
  }
}

// -->
</script>

</head>
<body>
<h2 align='center'>Command line test</h2><table border='1' align="center">
<tr>
<td>Tests passed/Failed/Skipped:</td><td>18/0/4</td>
</tr><tr>
<td>Started on:</td><td>Tue Jul 06 15:23:19 IST 2021</td>
</tr>
<tr><td>Total time:</td><td>428 seconds (428418 ms)</td>
</tr><tr>
<td>Included groups:</td><td></td>
</tr><tr>
<td>Excluded groups:</td><td></td>
</tr>
</table><p/>
<small><i>(Hover the method name to see the test class name)</i></small><p/>
<table width='100%' border='1' class='invocation-failed'>
<tr><td colspan='4' align='center'><b>FAILED CONFIGURATIONS</b></td></tr>
<tr><td><b>Test method</b></td>
<td width="30%"><b>Exception</b></td>
<td width="10%"><b>Time (seconds)</b></td>
<td><b>Instance</b></td>
</tr>
<tr>
<td title='com.gui.automation.dataprovider.test.DataProviderLoginTest.getResult()'><b>getResult</b><br>Test class: com.gui.automation.dataprovider.test.DataProviderLoginTest<br>Parameters: [TestResult name=successfulLoginDataProvider status=SUCCESS method=DataProviderLoginTest.successfulLoginDataProvider(java.lang.String, java.lang.String, boolean)[pri:0, instance:com.gui.automation.dataprovider.test.DataProviderLoginTest@18bf3d14] output={null}]</td>
<td><div><pre>java.lang.NullPointerException: Cannot invoke &quot;com.aventstack.extentreports.ExtentTest.log(com.aventstack.extentreports.Status, com.aventstack.extentreports.markuputils.Markup)&quot; because &quot;com.automate.web.firstcode.AbstractLaunchChromeBrowser.test&quot; is null
	at com.automate.web.firstcode.AbstractLaunchChromeBrowser.getResult(AbstractLaunchChromeBrowser.java:101)
... Removed 38 stack frames</pre></div><a href='#' onClick='toggleBox("stack-trace105019819", this, "Click to show all stack frames", "Click to hide stack frames")'>Click to show all stack frames</a>
<div class='stack-trace' id='stack-trace105019819'><pre>java.lang.NullPointerException: Cannot invoke &quot;com.aventstack.extentreports.ExtentTest.log(com.aventstack.extentreports.Status, com.aventstack.extentreports.markuputils.Markup)&quot; because &quot;com.automate.web.firstcode.AbstractLaunchChromeBrowser.test&quot; is null
	at com.automate.web.firstcode.AbstractLaunchChromeBrowser.getResult(AbstractLaunchChromeBrowser.java:101)
	at java.base/jdk.internal.reflect.NativeMethodAccessorImpl.invoke0(Native Method)
	at java.base/jdk.internal.reflect.NativeMethodAccessorImpl.invoke(NativeMethodAccessorImpl.java:64)
	at java.base/jdk.internal.reflect.DelegatingMethodAccessorImpl.invoke(DelegatingMethodAccessorImpl.java:43)
	at java.base/java.lang.reflect.Method.invoke(Method.java:564)
	at org.testng.internal.MethodInvocationHelper.invokeMethod(MethodInvocationHelper.java:124)
	at org.testng.internal.MethodInvocationHelper.invokeMethodConsideringTimeout(MethodInvocationHelper.java:59)
	at org.testng.internal.Invoker.invokeConfigurationMethod(Invoker.java:458)
	at org.testng.internal.Invoker.invokeConfigurations(Invoker.java:222)
	at org.testng.internal.Invoker.invokeMethod(Invoker.java:646)
	at org.testng.internal.Invoker.invokeTestMethod(Invoker.java:719)
	at org.testng.internal.Invoker.invokeTestMethods(Invoker.java:989)
	at org.testng.internal.TestMethodWorker.invokeTestMethods(TestMethodWorker.java:125)
	at org.testng.internal.TestMethodWorker.run(TestMethodWorker.java:109)
	at org.testng.TestRunner.privateRun(TestRunner.java:648)
	at org.testng.TestRunner.run(TestRunner.java:505)
	at org.testng.SuiteRunner.runTest(SuiteRunner.java:455)
	at org.testng.SuiteRunner.runSequentially(SuiteRunner.java:450)
	at org.testng.SuiteRunner.privateRun(SuiteRunner.java:415)
	at org.testng.SuiteRunner.run(SuiteRunner.java:364)
	at org.testng.SuiteRunnerWorker.runSuite(SuiteRunnerWorker.java:52)
	at org.testng.SuiteRunnerWorker.run(SuiteRunnerWorker.java:84)
	at org.testng.TestNG.runSuitesSequentially(TestNG.java:1208)
	at org.testng.TestNG.runSuitesLocally(TestNG.java:1137)
	at org.testng.TestNG.runSuites(TestNG.java:1049)
	at org.testng.TestNG.run(TestNG.java:1017)
	at org.apache.maven.surefire.testng.TestNGExecutor.run(TestNGExecutor.java:77)
	at org.apache.maven.surefire.testng.TestNGDirectoryTestSuite.executeMulti(TestNGDirectoryTestSuite.java:159)
	at org.apache.maven.surefire.testng.TestNGDirectoryTestSuite.execute(TestNGDirectoryTestSuite.java:99)
	at org.apache.maven.surefire.testng.TestNGProvider.invoke(TestNGProvider.java:106)
	at java.base/jdk.internal.reflect.NativeMethodAccessorImpl.invoke0(Native Method)
	at java.base/jdk.internal.reflect.NativeMethodAccessorImpl.invoke(NativeMethodAccessorImpl.java:64)
	at java.base/jdk.internal.reflect.DelegatingMethodAccessorImpl.invoke(DelegatingMethodAccessorImpl.java:43)
	at java.base/java.lang.reflect.Method.invoke(Method.java:564)
	at org.apache.maven.surefire.util.ReflectionUtils.invokeMethodWithArray(ReflectionUtils.java:189)
	at org.apache.maven.surefire.booter.ProviderFactory$ProviderProxy.invoke(ProviderFactory.java:165)
	at org.apache.maven.surefire.booter.ProviderFactory.invokeProvider(ProviderFactory.java:85)
	at org.apache.maven.surefire.booter.ForkedBooter.runSuitesInProcess(ForkedBooter.java:115)
	at org.apache.maven.surefire.booter.ForkedBooter.main(ForkedBooter.java:75)
</pre></div></td>
<td>0</td>
<td>com.gui.automation.dataprovider.test.DataProviderLoginTest@18bf3d14</td></tr>
</table><p>
<table width='100%' border='1' class='invocation-skipped'>
<tr><td colspan='4' align='center'><b>SKIPPED CONFIGURATIONS</b></td></tr>
<tr><td><b>Test method</b></td>
<td width="30%"><b>Exception</b></td>
<td width="10%"><b>Time (seconds)</b></td>
<td><b>Instance</b></td>
</tr>
<tr>
<td title='com.gui.automation.dataprovider.test.DataProviderLoginTest.getResult()'><b>getResult</b><br>Test class: com.gui.automation.dataprovider.test.DataProviderLoginTest</td>
<td></td>
<td>0</td>
<td>com.gui.automation.dataprovider.test.DataProviderLoginTest@18bf3d14</td></tr>
<tr>
<td title='com.gui.automation.dataprovider.test.DataProviderLoginTest.getResult()'><b>getResult</b><br>Test class: com.gui.automation.dataprovider.test.DataProviderLoginTest</td>
<td></td>
<td>0</td>
<td>com.gui.automation.dataprovider.test.DataProviderLoginTest@18bf3d14</td></tr>
<tr>
<td title='com.gui.automation.dataprovider.test.DataProviderLoginTest.getResult()'><b>getResult</b><br>Test class: com.gui.automation.dataprovider.test.DataProviderLoginTest</td>
<td></td>
<td>0</td>
<td>com.gui.automation.dataprovider.test.DataProviderLoginTest@18bf3d14</td></tr>
<tr>
<td title='com.gui.automation.dataprovider.test.DataProviderLoginTest.getResult()'><b>getResult</b><br>Test class: com.gui.automation.dataprovider.test.DataProviderLoginTest</td>
<td></td>
<td>0</td>
<td>com.gui.automation.dataprovider.test.DataProviderLoginTest@18bf3d14</td></tr>
</table><p>
<table width='100%' border='1' class='invocation-passed'>
<tr><td colspan='4' align='center'><b>PASSED TESTS</b></td></tr>
<tr><td><b>Test method</b></td>
<td width="30%"><b>Exception</b></td>
<td width="10%"><b>Time (seconds)</b></td>
<td><b>Instance</b></td>
</tr>
<tr>
<td title='com.gui.automation.test.AlertPopUpTest.alertBoxTest()'><b>alertBoxTest</b><br>Test class: com.gui.automation.test.AlertPopUpTest</td>
<td></td>
<td>38</td>
<td>com.gui.automation.test.AlertPopUpTest@42607a4f</td></tr>
<tr>
<td title='com.gui.automation.test.CheckBoxOptionsTest.checkBoxOptionsTest()'><b>checkBoxOptionsTest</b><br>Test class: com.gui.automation.test.CheckBoxOptionsTest</td>
<td></td>
<td>3</td>
<td>com.gui.automation.test.CheckBoxOptionsTest@782663d3</td></tr>
<tr>
<td title='com.gui.automation.test.ExplicitWaitElementTest.checkElementVisibility()'><b>checkElementVisibility</b><br>Test class: com.gui.automation.test.ExplicitWaitElementTest</td>
<td></td>
<td>5</td>
<td>com.gui.automation.test.ExplicitWaitElementTest@1990a65e</td></tr>
<tr>
<td title='com.gui.automation.test.TestRadioButtons.getRadioButtons()'><b>getRadioButtons</b><br>Test class: com.gui.automation.test.TestRadioButtons</td>
<td></td>
<td>4</td>
<td>com.gui.automation.test.TestRadioButtons@7276c8cd</td></tr>
<tr>
<td title='com.gui.automation.test.TestTitleOfThePage.getTitleOfPage()'><b>getTitleOfPage</b><br>Test class: com.gui.automation.test.TestTitleOfThePage</td>
<td></td>
<td>3</td>
<td>com.gui.automation.test.TestTitleOfThePage@544a2ea6</td></tr>
<tr>
<td title='com.gui.automation.test.WindowHandleTest.getWindowHandles()'><b>getWindowHandles</b><br>Test class: com.gui.automation.test.WindowHandleTest</td>
<td></td>
<td>17</td>
<td>com.gui.automation.test.WindowHandleTest@150c158</td></tr>
<tr>
<td title='com.gui.automation.test.TextAreaTest.javaScriptExecutorTest()'><b>javaScriptExecutorTest</b><br>Test class: com.gui.automation.test.TextAreaTest</td>
<td></td>
<td>6</td>
<td>com.gui.automation.test.TextAreaTest@2e3fc542</td></tr>
<tr>
<td title='com.gui.automation.test.LoginTest.loginPageTest()'><b>loginPageTest</b><br>Test class: com.gui.automation.test.LoginTest</td>
<td></td>
<td>1</td>
<td>com.gui.automation.test.LoginTest@25bbf683</td></tr>
<tr>
<td title='com.gui.automation.csvreader.readCSVTest.logindataFromCSV()'><b>logindataFromCSV</b><br>Test class: com.gui.automation.csvreader.readCSVTest<br>Parameters: in28minutes, dummy, true</td>
<td></td>
<td>173</td>
<td>com.gui.automation.csvreader.readCSVTest@4fb64261</td></tr>
<tr>
<td title='com.gui.automation.csvreader.readCSVTest.logindataFromCSV()'><b>logindataFromCSV</b><br>Test class: com.gui.automation.csvreader.readCSVTest<br>Parameters: adam, adam@123, true</td>
<td></td>
<td>25</td>
<td>com.gui.automation.csvreader.readCSVTest@4fb64261</td></tr>
<tr>
<td title='com.gui.automation.csvreader.readCSVTest.logindataFromCSV()'><b>logindataFromCSV</b><br>Test class: com.gui.automation.csvreader.readCSVTest<br>Parameters: adam, 12345, false</td>
<td></td>
<td>22</td>
<td>com.gui.automation.csvreader.readCSVTest@4fb64261</td></tr>
<tr>
<td title='com.gui.automation.csvreader.readCSVTest.logindataFromCSV()'><b>logindataFromCSV</b><br>Test class: com.gui.automation.csvreader.readCSVTest<br>Parameters: eve, eve@123, true</td>
<td></td>
<td>38</td>
<td>com.gui.automation.csvreader.readCSVTest@4fb64261</td></tr>
<tr>
<td title='com.gui.automation.csvreader.readCSVTest.logindataFromCSV()'><b>logindataFromCSV</b><br>Test class: com.gui.automation.csvreader.readCSVTest<br>Parameters: eve, 123, false</td>
<td></td>
<td>38</td>
<td>com.gui.automation.csvreader.readCSVTest@4fb64261</td></tr>
<tr>
<td title='com.gui.automation.csvreader.readCSVTest.readDataFromCSV()'><b>readDataFromCSV</b><br>Test class: com.gui.automation.csvreader.readCSVTest</td>
<td></td>
<td>0</td>
<td>com.gui.automation.csvreader.readCSVTest@4fb64261</td></tr>
<tr>
<td title='com.gui.automation.test.readTableDataTest.readFromTableTest()'><b>readFromTableTest</b><br>Test class: com.gui.automation.test.readTableDataTest</td>
<td></td>
<td>2</td>
<td>com.gui.automation.test.readTableDataTest@6ec8211c</td></tr>
<tr>
<td title='com.gui.automation.test.FormElementSelectTest.selectOptionFromDropDwon()'><b>selectOptionFromDropDwon</b><br>Test class: com.gui.automation.test.FormElementSelectTest</td>
<td></td>
<td>2</td>
<td>com.gui.automation.test.FormElementSelectTest@64485a47</td></tr>
<tr>
<td title='com.gui.automation.dataprovider.test.DataProviderLoginTest.successfulLoginDataProvider()'><b>successfulLoginDataProvider</b><br>Test class: com.gui.automation.dataprovider.test.DataProviderLoginTest<br>Parameters: in28minutes, dummy, true</td>
<td></td>
<td>10</td>
<td>com.gui.automation.dataprovider.test.DataProviderLoginTest@18bf3d14</td></tr>
<tr>
<td title='com.gui.automation.test.TextAreaTest.textArearTest()'><b>textArearTest</b><br>Test class: com.gui.automation.test.TextAreaTest</td>
<td></td>
<td>3</td>
<td>com.gui.automation.test.TextAreaTest@2e3fc542</td></tr>
</table><p>
<table width='100%' border='1' class='invocation-skipped'>
<tr><td colspan='4' align='center'><b>SKIPPED TESTS</b></td></tr>
<tr><td><b>Test method</b></td>
<td width="30%"><b>Exception</b></td>
<td width="10%"><b>Time (seconds)</b></td>
<td><b>Instance</b></td>
</tr>
<tr>
<td title='com.gui.automation.dataprovider.test.DataProviderLoginTest.successfulLoginDataProvider()'><b>successfulLoginDataProvider</b><br>Test class: com.gui.automation.dataprovider.test.DataProviderLoginTest</td>
<td><div><pre>java.lang.NullPointerException: Cannot invoke &quot;com.aventstack.extentreports.ExtentTest.log(com.aventstack.extentreports.Status, com.aventstack.extentreports.markuputils.Markup)&quot; because &quot;com.automate.web.firstcode.AbstractLaunchChromeBrowser.test&quot; is null
	at com.automate.web.firstcode.AbstractLaunchChromeBrowser.getResult(AbstractLaunchChromeBrowser.java:101)
... Removed 38 stack frames</pre></div><a href='#' onClick='toggleBox("stack-trace1243234606", this, "Click to show all stack frames", "Click to hide stack frames")'>Click to show all stack frames</a>
<div class='stack-trace' id='stack-trace1243234606'><pre>java.lang.NullPointerException: Cannot invoke &quot;com.aventstack.extentreports.ExtentTest.log(com.aventstack.extentreports.Status, com.aventstack.extentreports.markuputils.Markup)&quot; because &quot;com.automate.web.firstcode.AbstractLaunchChromeBrowser.test&quot; is null
	at com.automate.web.firstcode.AbstractLaunchChromeBrowser.getResult(AbstractLaunchChromeBrowser.java:101)
	at java.base/jdk.internal.reflect.NativeMethodAccessorImpl.invoke0(Native Method)
	at java.base/jdk.internal.reflect.NativeMethodAccessorImpl.invoke(NativeMethodAccessorImpl.java:64)
	at java.base/jdk.internal.reflect.DelegatingMethodAccessorImpl.invoke(DelegatingMethodAccessorImpl.java:43)
	at java.base/java.lang.reflect.Method.invoke(Method.java:564)
	at org.testng.internal.MethodInvocationHelper.invokeMethod(MethodInvocationHelper.java:124)
	at org.testng.internal.MethodInvocationHelper.invokeMethodConsideringTimeout(MethodInvocationHelper.java:59)
	at org.testng.internal.Invoker.invokeConfigurationMethod(Invoker.java:458)
	at org.testng.internal.Invoker.invokeConfigurations(Invoker.java:222)
	at org.testng.internal.Invoker.invokeMethod(Invoker.java:646)
	at org.testng.internal.Invoker.invokeTestMethod(Invoker.java:719)
	at org.testng.internal.Invoker.invokeTestMethods(Invoker.java:989)
	at org.testng.internal.TestMethodWorker.invokeTestMethods(TestMethodWorker.java:125)
	at org.testng.internal.TestMethodWorker.run(TestMethodWorker.java:109)
	at org.testng.TestRunner.privateRun(TestRunner.java:648)
	at org.testng.TestRunner.run(TestRunner.java:505)
	at org.testng.SuiteRunner.runTest(SuiteRunner.java:455)
	at org.testng.SuiteRunner.runSequentially(SuiteRunner.java:450)
	at org.testng.SuiteRunner.privateRun(SuiteRunner.java:415)
	at org.testng.SuiteRunner.run(SuiteRunner.java:364)
	at org.testng.SuiteRunnerWorker.runSuite(SuiteRunnerWorker.java:52)
	at org.testng.SuiteRunnerWorker.run(SuiteRunnerWorker.java:84)
	at org.testng.TestNG.runSuitesSequentially(TestNG.java:1208)
	at org.testng.TestNG.runSuitesLocally(TestNG.java:1137)
	at org.testng.TestNG.runSuites(TestNG.java:1049)
	at org.testng.TestNG.run(TestNG.java:1017)
	at org.apache.maven.surefire.testng.TestNGExecutor.run(TestNGExecutor.java:77)
	at org.apache.maven.surefire.testng.TestNGDirectoryTestSuite.executeMulti(TestNGDirectoryTestSuite.java:159)
	at org.apache.maven.surefire.testng.TestNGDirectoryTestSuite.execute(TestNGDirectoryTestSuite.java:99)
	at org.apache.maven.surefire.testng.TestNGProvider.invoke(TestNGProvider.java:106)
	at java.base/jdk.internal.reflect.NativeMethodAccessorImpl.invoke0(Native Method)
	at java.base/jdk.internal.reflect.NativeMethodAccessorImpl.invoke(NativeMethodAccessorImpl.java:64)
	at java.base/jdk.internal.reflect.DelegatingMethodAccessorImpl.invoke(DelegatingMethodAccessorImpl.java:43)
	at java.base/java.lang.reflect.Method.invoke(Method.java:564)
	at org.apache.maven.surefire.util.ReflectionUtils.invokeMethodWithArray(ReflectionUtils.java:189)
	at org.apache.maven.surefire.booter.ProviderFactory$ProviderProxy.invoke(ProviderFactory.java:165)
	at org.apache.maven.surefire.booter.ProviderFactory.invokeProvider(ProviderFactory.java:85)
	at org.apache.maven.surefire.booter.ForkedBooter.runSuitesInProcess(ForkedBooter.java:115)
	at org.apache.maven.surefire.booter.ForkedBooter.main(ForkedBooter.java:75)
</pre></div></td>
<td>0</td>
<td>com.gui.automation.dataprovider.test.DataProviderLoginTest@18bf3d14</td></tr>
<tr>
<td title='com.gui.automation.dataprovider.test.DataProviderLoginTest.successfulLoginDataProvider()'><b>successfulLoginDataProvider</b><br>Test class: com.gui.automation.dataprovider.test.DataProviderLoginTest</td>
<td><div><pre>java.lang.NullPointerException: Cannot invoke &quot;com.aventstack.extentreports.ExtentTest.log(com.aventstack.extentreports.Status, com.aventstack.extentreports.markuputils.Markup)&quot; because &quot;com.automate.web.firstcode.AbstractLaunchChromeBrowser.test&quot; is null
	at com.automate.web.firstcode.AbstractLaunchChromeBrowser.getResult(AbstractLaunchChromeBrowser.java:101)
... Removed 38 stack frames</pre></div><a href='#' onClick='toggleBox("stack-trace1607745112", this, "Click to show all stack frames", "Click to hide stack frames")'>Click to show all stack frames</a>
<div class='stack-trace' id='stack-trace1607745112'><pre>java.lang.NullPointerException: Cannot invoke &quot;com.aventstack.extentreports.ExtentTest.log(com.aventstack.extentreports.Status, com.aventstack.extentreports.markuputils.Markup)&quot; because &quot;com.automate.web.firstcode.AbstractLaunchChromeBrowser.test&quot; is null
	at com.automate.web.firstcode.AbstractLaunchChromeBrowser.getResult(AbstractLaunchChromeBrowser.java:101)
	at java.base/jdk.internal.reflect.NativeMethodAccessorImpl.invoke0(Native Method)
	at java.base/jdk.internal.reflect.NativeMethodAccessorImpl.invoke(NativeMethodAccessorImpl.java:64)
	at java.base/jdk.internal.reflect.DelegatingMethodAccessorImpl.invoke(DelegatingMethodAccessorImpl.java:43)
	at java.base/java.lang.reflect.Method.invoke(Method.java:564)
	at org.testng.internal.MethodInvocationHelper.invokeMethod(MethodInvocationHelper.java:124)
	at org.testng.internal.MethodInvocationHelper.invokeMethodConsideringTimeout(MethodInvocationHelper.java:59)
	at org.testng.internal.Invoker.invokeConfigurationMethod(Invoker.java:458)
	at org.testng.internal.Invoker.invokeConfigurations(Invoker.java:222)
	at org.testng.internal.Invoker.invokeMethod(Invoker.java:646)
	at org.testng.internal.Invoker.invokeTestMethod(Invoker.java:719)
	at org.testng.internal.Invoker.invokeTestMethods(Invoker.java:989)
	at org.testng.internal.TestMethodWorker.invokeTestMethods(TestMethodWorker.java:125)
	at org.testng.internal.TestMethodWorker.run(TestMethodWorker.java:109)
	at org.testng.TestRunner.privateRun(TestRunner.java:648)
	at org.testng.TestRunner.run(TestRunner.java:505)
	at org.testng.SuiteRunner.runTest(SuiteRunner.java:455)
	at org.testng.SuiteRunner.runSequentially(SuiteRunner.java:450)
	at org.testng.SuiteRunner.privateRun(SuiteRunner.java:415)
	at org.testng.SuiteRunner.run(SuiteRunner.java:364)
	at org.testng.SuiteRunnerWorker.runSuite(SuiteRunnerWorker.java:52)
	at org.testng.SuiteRunnerWorker.run(SuiteRunnerWorker.java:84)
	at org.testng.TestNG.runSuitesSequentially(TestNG.java:1208)
	at org.testng.TestNG.runSuitesLocally(TestNG.java:1137)
	at org.testng.TestNG.runSuites(TestNG.java:1049)
	at org.testng.TestNG.run(TestNG.java:1017)
	at org.apache.maven.surefire.testng.TestNGExecutor.run(TestNGExecutor.java:77)
	at org.apache.maven.surefire.testng.TestNGDirectoryTestSuite.executeMulti(TestNGDirectoryTestSuite.java:159)
	at org.apache.maven.surefire.testng.TestNGDirectoryTestSuite.execute(TestNGDirectoryTestSuite.java:99)
	at org.apache.maven.surefire.testng.TestNGProvider.invoke(TestNGProvider.java:106)
	at java.base/jdk.internal.reflect.NativeMethodAccessorImpl.invoke0(Native Method)
	at java.base/jdk.internal.reflect.NativeMethodAccessorImpl.invoke(NativeMethodAccessorImpl.java:64)
	at java.base/jdk.internal.reflect.DelegatingMethodAccessorImpl.invoke(DelegatingMethodAccessorImpl.java:43)
	at java.base/java.lang.reflect.Method.invoke(Method.java:564)
	at org.apache.maven.surefire.util.ReflectionUtils.invokeMethodWithArray(ReflectionUtils.java:189)
	at org.apache.maven.surefire.booter.ProviderFactory$ProviderProxy.invoke(ProviderFactory.java:165)
	at org.apache.maven.surefire.booter.ProviderFactory.invokeProvider(ProviderFactory.java:85)
	at org.apache.maven.surefire.booter.ForkedBooter.runSuitesInProcess(ForkedBooter.java:115)
	at org.apache.maven.surefire.booter.ForkedBooter.main(ForkedBooter.java:75)
</pre></div></td>
<td>0</td>
<td>com.gui.automation.dataprovider.test.DataProviderLoginTest@18bf3d14</td></tr>
<tr>
<td title='com.gui.automation.dataprovider.test.DataProviderLoginTest.successfulLoginDataProvider()'><b>successfulLoginDataProvider</b><br>Test class: com.gui.automation.dataprovider.test.DataProviderLoginTest</td>
<td><div><pre>java.lang.NullPointerException: Cannot invoke &quot;com.aventstack.extentreports.ExtentTest.log(com.aventstack.extentreports.Status, com.aventstack.extentreports.markuputils.Markup)&quot; because &quot;com.automate.web.firstcode.AbstractLaunchChromeBrowser.test&quot; is null
	at com.automate.web.firstcode.AbstractLaunchChromeBrowser.getResult(AbstractLaunchChromeBrowser.java:101)
... Removed 38 stack frames</pre></div><a href='#' onClick='toggleBox("stack-trace1759500919", this, "Click to show all stack frames", "Click to hide stack frames")'>Click to show all stack frames</a>
<div class='stack-trace' id='stack-trace1759500919'><pre>java.lang.NullPointerException: Cannot invoke &quot;com.aventstack.extentreports.ExtentTest.log(com.aventstack.extentreports.Status, com.aventstack.extentreports.markuputils.Markup)&quot; because &quot;com.automate.web.firstcode.AbstractLaunchChromeBrowser.test&quot; is null
	at com.automate.web.firstcode.AbstractLaunchChromeBrowser.getResult(AbstractLaunchChromeBrowser.java:101)
	at java.base/jdk.internal.reflect.NativeMethodAccessorImpl.invoke0(Native Method)
	at java.base/jdk.internal.reflect.NativeMethodAccessorImpl.invoke(NativeMethodAccessorImpl.java:64)
	at java.base/jdk.internal.reflect.DelegatingMethodAccessorImpl.invoke(DelegatingMethodAccessorImpl.java:43)
	at java.base/java.lang.reflect.Method.invoke(Method.java:564)
	at org.testng.internal.MethodInvocationHelper.invokeMethod(MethodInvocationHelper.java:124)
	at org.testng.internal.MethodInvocationHelper.invokeMethodConsideringTimeout(MethodInvocationHelper.java:59)
	at org.testng.internal.Invoker.invokeConfigurationMethod(Invoker.java:458)
	at org.testng.internal.Invoker.invokeConfigurations(Invoker.java:222)
	at org.testng.internal.Invoker.invokeMethod(Invoker.java:646)
	at org.testng.internal.Invoker.invokeTestMethod(Invoker.java:719)
	at org.testng.internal.Invoker.invokeTestMethods(Invoker.java:989)
	at org.testng.internal.TestMethodWorker.invokeTestMethods(TestMethodWorker.java:125)
	at org.testng.internal.TestMethodWorker.run(TestMethodWorker.java:109)
	at org.testng.TestRunner.privateRun(TestRunner.java:648)
	at org.testng.TestRunner.run(TestRunner.java:505)
	at org.testng.SuiteRunner.runTest(SuiteRunner.java:455)
	at org.testng.SuiteRunner.runSequentially(SuiteRunner.java:450)
	at org.testng.SuiteRunner.privateRun(SuiteRunner.java:415)
	at org.testng.SuiteRunner.run(SuiteRunner.java:364)
	at org.testng.SuiteRunnerWorker.runSuite(SuiteRunnerWorker.java:52)
	at org.testng.SuiteRunnerWorker.run(SuiteRunnerWorker.java:84)
	at org.testng.TestNG.runSuitesSequentially(TestNG.java:1208)
	at org.testng.TestNG.runSuitesLocally(TestNG.java:1137)
	at org.testng.TestNG.runSuites(TestNG.java:1049)
	at org.testng.TestNG.run(TestNG.java:1017)
	at org.apache.maven.surefire.testng.TestNGExecutor.run(TestNGExecutor.java:77)
	at org.apache.maven.surefire.testng.TestNGDirectoryTestSuite.executeMulti(TestNGDirectoryTestSuite.java:159)
	at org.apache.maven.surefire.testng.TestNGDirectoryTestSuite.execute(TestNGDirectoryTestSuite.java:99)
	at org.apache.maven.surefire.testng.TestNGProvider.invoke(TestNGProvider.java:106)
	at java.base/jdk.internal.reflect.NativeMethodAccessorImpl.invoke0(Native Method)
	at java.base/jdk.internal.reflect.NativeMethodAccessorImpl.invoke(NativeMethodAccessorImpl.java:64)
	at java.base/jdk.internal.reflect.DelegatingMethodAccessorImpl.invoke(DelegatingMethodAccessorImpl.java:43)
	at java.base/java.lang.reflect.Method.invoke(Method.java:564)
	at org.apache.maven.surefire.util.ReflectionUtils.invokeMethodWithArray(ReflectionUtils.java:189)
	at org.apache.maven.surefire.booter.ProviderFactory$ProviderProxy.invoke(ProviderFactory.java:165)
	at org.apache.maven.surefire.booter.ProviderFactory.invokeProvider(ProviderFactory.java:85)
	at org.apache.maven.surefire.booter.ForkedBooter.runSuitesInProcess(ForkedBooter.java:115)
	at org.apache.maven.surefire.booter.ForkedBooter.main(ForkedBooter.java:75)
</pre></div></td>
<td>0</td>
<td>com.gui.automation.dataprovider.test.DataProviderLoginTest@18bf3d14</td></tr>
<tr>
<td title='com.gui.automation.dataprovider.test.DataProviderLoginTest.successfulLoginDataProvider()'><b>successfulLoginDataProvider</b><br>Test class: com.gui.automation.dataprovider.test.DataProviderLoginTest</td>
<td><div><pre>java.lang.NullPointerException: Cannot invoke &quot;com.aventstack.extentreports.ExtentTest.log(com.aventstack.extentreports.Status, com.aventstack.extentreports.markuputils.Markup)&quot; because &quot;com.automate.web.firstcode.AbstractLaunchChromeBrowser.test&quot; is null
	at com.automate.web.firstcode.AbstractLaunchChromeBrowser.getResult(AbstractLaunchChromeBrowser.java:101)
... Removed 38 stack frames</pre></div><a href='#' onClick='toggleBox("stack-trace781527109", this, "Click to show all stack frames", "Click to hide stack frames")'>Click to show all stack frames</a>
<div class='stack-trace' id='stack-trace781527109'><pre>java.lang.NullPointerException: Cannot invoke &quot;com.aventstack.extentreports.ExtentTest.log(com.aventstack.extentreports.Status, com.aventstack.extentreports.markuputils.Markup)&quot; because &quot;com.automate.web.firstcode.AbstractLaunchChromeBrowser.test&quot; is null
	at com.automate.web.firstcode.AbstractLaunchChromeBrowser.getResult(AbstractLaunchChromeBrowser.java:101)
	at java.base/jdk.internal.reflect.NativeMethodAccessorImpl.invoke0(Native Method)
	at java.base/jdk.internal.reflect.NativeMethodAccessorImpl.invoke(NativeMethodAccessorImpl.java:64)
	at java.base/jdk.internal.reflect.DelegatingMethodAccessorImpl.invoke(DelegatingMethodAccessorImpl.java:43)
	at java.base/java.lang.reflect.Method.invoke(Method.java:564)
	at org.testng.internal.MethodInvocationHelper.invokeMethod(MethodInvocationHelper.java:124)
	at org.testng.internal.MethodInvocationHelper.invokeMethodConsideringTimeout(MethodInvocationHelper.java:59)
	at org.testng.internal.Invoker.invokeConfigurationMethod(Invoker.java:458)
	at org.testng.internal.Invoker.invokeConfigurations(Invoker.java:222)
	at org.testng.internal.Invoker.invokeMethod(Invoker.java:646)
	at org.testng.internal.Invoker.invokeTestMethod(Invoker.java:719)
	at org.testng.internal.Invoker.invokeTestMethods(Invoker.java:989)
	at org.testng.internal.TestMethodWorker.invokeTestMethods(TestMethodWorker.java:125)
	at org.testng.internal.TestMethodWorker.run(TestMethodWorker.java:109)
	at org.testng.TestRunner.privateRun(TestRunner.java:648)
	at org.testng.TestRunner.run(TestRunner.java:505)
	at org.testng.SuiteRunner.runTest(SuiteRunner.java:455)
	at org.testng.SuiteRunner.runSequentially(SuiteRunner.java:450)
	at org.testng.SuiteRunner.privateRun(SuiteRunner.java:415)
	at org.testng.SuiteRunner.run(SuiteRunner.java:364)
	at org.testng.SuiteRunnerWorker.runSuite(SuiteRunnerWorker.java:52)
	at org.testng.SuiteRunnerWorker.run(SuiteRunnerWorker.java:84)
	at org.testng.TestNG.runSuitesSequentially(TestNG.java:1208)
	at org.testng.TestNG.runSuitesLocally(TestNG.java:1137)
	at org.testng.TestNG.runSuites(TestNG.java:1049)
	at org.testng.TestNG.run(TestNG.java:1017)
	at org.apache.maven.surefire.testng.TestNGExecutor.run(TestNGExecutor.java:77)
	at org.apache.maven.surefire.testng.TestNGDirectoryTestSuite.executeMulti(TestNGDirectoryTestSuite.java:159)
	at org.apache.maven.surefire.testng.TestNGDirectoryTestSuite.execute(TestNGDirectoryTestSuite.java:99)
	at org.apache.maven.surefire.testng.TestNGProvider.invoke(TestNGProvider.java:106)
	at java.base/jdk.internal.reflect.NativeMethodAccessorImpl.invoke0(Native Method)
	at java.base/jdk.internal.reflect.NativeMethodAccessorImpl.invoke(NativeMethodAccessorImpl.java:64)
	at java.base/jdk.internal.reflect.DelegatingMethodAccessorImpl.invoke(DelegatingMethodAccessorImpl.java:43)
	at java.base/java.lang.reflect.Method.invoke(Method.java:564)
	at org.apache.maven.surefire.util.ReflectionUtils.invokeMethodWithArray(ReflectionUtils.java:189)
	at org.apache.maven.surefire.booter.ProviderFactory$ProviderProxy.invoke(ProviderFactory.java:165)
	at org.apache.maven.surefire.booter.ProviderFactory.invokeProvider(ProviderFactory.java:85)
	at org.apache.maven.surefire.booter.ForkedBooter.runSuitesInProcess(ForkedBooter.java:115)
	at org.apache.maven.surefire.booter.ForkedBooter.main(ForkedBooter.java:75)
</pre></div></td>
<td>0</td>
<td>com.gui.automation.dataprovider.test.DataProviderLoginTest@18bf3d14</td></tr>
</table><p>
</body>
</html>